{"level":"info","message":"Connected to Database","timestamp":"2024-08-09T03:40:57.638Z"}
{"level":"info","message":"Connected to Database","timestamp":"2024-08-09T03:41:43.412Z"}
{"level":"info","message":"Fetched all stories","timestamp":"2024-08-09T03:41:56.035Z","totalStories":3}
{"level":"info","message":"Fetched all products","timestamp":"2024-08-09T03:41:56.052Z","totalProducts":8}
{"level":"info","message":"Fetched all stories","timestamp":"2024-08-09T03:41:56.510Z","totalStories":3}
{"level":"info","message":"Fetched all products","timestamp":"2024-08-09T03:41:56.537Z","totalProducts":8}
{"level":"info","message":"Fetched all stories","timestamp":"2024-08-09T03:41:57.031Z","totalStories":3}
{"level":"info","message":"Fetched all products","timestamp":"2024-08-09T03:41:57.036Z","totalProducts":8}
{"level":"info","message":"Fetched all products","timestamp":"2024-08-09T03:41:57.642Z","totalProducts":8}
{"level":"info","message":"Fetched all stories","timestamp":"2024-08-09T03:41:57.647Z","totalStories":3}
{"level":"info","message":"Fetched all stories","timestamp":"2024-08-09T03:41:58.255Z","totalStories":3}
{"level":"info","message":"Fetched all products","timestamp":"2024-08-09T03:41:58.262Z","totalProducts":8}
{"level":"info","message":"Send Message request received","requestBody":{"contactEmail":"","contactMessage":"","contactName":""},"timestamp":"2024-08-09T03:43:06.847Z"}
{"level":"info","message":"User logged in successfully","timestamp":"2024-08-09T03:43:27.865Z","userId":"66971ce4626602fc26186bd4"}
{"level":"info","message":"Fetched all product categories","timestamp":"2024-08-09T03:43:38.711Z","totalCategories":4}
{"level":"info","message":"Fetched all product categories","timestamp":"2024-08-09T03:43:39.021Z","totalCategories":4}
{"level":"info","message":"Fetched all products","timestamp":"2024-08-09T03:43:39.025Z","totalProducts":8}
{"level":"info","message":"Fetched all products","timestamp":"2024-08-09T03:43:39.636Z","totalProducts":8}
{"level":"info","message":"Fetched all pets","timestamp":"2024-08-09T03:43:44.041Z","totalPets":9,"unvaccinatedPets":9,"vaccinatedPets":0}
{"level":"info","message":"Fetched all pets","timestamp":"2024-08-09T03:43:44.346Z","totalPets":9,"unvaccinatedPets":9,"vaccinatedPets":0}
{"email":"prabishakhadka2000@gmail.com","level":"info","message":"OTP generated","otp":734108,"timestamp":"2024-08-09T03:43:52.489Z"}
{"level":"info","message":"Email sent successfully","response":"250 2.0.0 OK  1723175035 d2e1a72fcca58-710cb2e563csm1862944b3a.147 - gsmtp","subject":"Adoption Hub","timestamp":"2024-08-09T03:43:57.559Z","to":"prabishakhadka2000@gmail.com"}
{"email":"prabishakhadka2000@gmail.com","level":"info","message":"OTP sent successfully","timestamp":"2024-08-09T03:43:57.568Z"}
{"level":"info","message":"Fetched all product categories","timestamp":"2024-08-09T03:44:09.842Z","totalCategories":4}
{"level":"info","message":"Fetched all product categories","timestamp":"2024-08-09T03:44:10.075Z","totalCategories":4}
{"level":"info","message":"Fetched all products","timestamp":"2024-08-09T03:44:10.083Z","totalProducts":8}
{"level":"info","message":"Fetched all products","timestamp":"2024-08-09T03:44:10.661Z","totalProducts":8}
{"level":"info","message":"Fetched all products","timestamp":"2024-08-09T03:44:59.675Z","totalProducts":8}
{"level":"info","message":"Fetched all stories","timestamp":"2024-08-09T03:44:59.706Z","totalStories":3}
{"level":"info","message":"Fetched all products","timestamp":"2024-08-09T03:45:00.216Z","totalProducts":8}
{"level":"info","message":"Fetched all stories","timestamp":"2024-08-09T03:45:00.224Z","totalStories":3}
{"level":"info","message":"Fetched all stories","timestamp":"2024-08-09T03:45:00.698Z","totalStories":3}
{"level":"info","message":"Fetched all products","timestamp":"2024-08-09T03:45:00.720Z","totalProducts":8}
{"level":"info","message":"Fetched all stories","timestamp":"2024-08-09T03:45:01.247Z","totalStories":3}
{"level":"info","message":"Fetched all products","timestamp":"2024-08-09T03:45:01.254Z","totalProducts":8}
{"level":"info","message":"Fetched all products","timestamp":"2024-08-09T03:45:01.718Z","totalProducts":8}
{"level":"info","message":"Fetched all stories","timestamp":"2024-08-09T03:45:01.747Z","totalStories":3}
{"level":"info","message":"User logged in successfully","timestamp":"2024-08-09T03:45:15.277Z","userId":"66971ce4626602fc26186bd4"}
{"level":"info","message":"Fetched all product categories","timestamp":"2024-08-09T03:55:15.048Z","totalCategories":4}
{"level":"info","message":"Fetched all product categories","timestamp":"2024-08-09T03:55:15.281Z","totalCategories":4}
{"level":"info","message":"Fetched all products","timestamp":"2024-08-09T03:55:15.861Z","totalProducts":8}
{"level":"info","message":"Fetched all products","timestamp":"2024-08-09T03:55:16.476Z","totalProducts":8}
{"level":"info","message":"Fetched all pets","timestamp":"2024-08-09T03:55:22.193Z","totalPets":9,"unvaccinatedPets":9,"vaccinatedPets":0}
{"level":"info","message":"Fetched all pets","timestamp":"2024-08-09T03:55:24.059Z","totalPets":9,"unvaccinatedPets":9,"vaccinatedPets":0}
{"level":"info","message":"Fetched all product categories","timestamp":"2024-08-09T03:55:29.180Z","totalCategories":4}
{"level":"info","message":"Fetched all product categories","timestamp":"2024-08-09T03:55:29.456Z","totalCategories":4}
{"level":"info","message":"Fetched all products","timestamp":"2024-08-09T03:55:29.460Z","totalProducts":8}
{"level":"info","message":"Fetched all products","timestamp":"2024-08-09T03:55:29.993Z","totalProducts":8}
{"level":"info","message":"Fetched all product categories","timestamp":"2024-08-09T03:55:38.492Z","totalCategories":4}
{"level":"info","message":"Fetched all product categories","timestamp":"2024-08-09T03:55:38.798Z","totalCategories":4}
{"level":"info","message":"Fetched all products","timestamp":"2024-08-09T03:55:38.802Z","totalProducts":8}
{"level":"info","message":"Fetched all pets","timestamp":"2024-08-09T03:55:39.314Z","totalPets":9,"unvaccinatedPets":9,"vaccinatedPets":0}
{"level":"info","message":"Fetched all products","timestamp":"2024-08-09T03:55:39.321Z","totalProducts":8}
{"level":"info","message":"Fetched all pets","timestamp":"2024-08-09T03:55:40.540Z","totalPets":9,"unvaccinatedPets":9,"vaccinatedPets":0}
{"level":"info","message":"Fetched all product categories","timestamp":"2024-08-09T03:58:06.258Z","totalCategories":4}
{"level":"info","message":"Fetched all product categories","timestamp":"2024-08-09T03:58:06.564Z","totalCategories":4}
{"level":"info","message":"Fetched all products","timestamp":"2024-08-09T03:58:06.568Z","totalProducts":8}
{"level":"info","message":"Fetched all products","timestamp":"2024-08-09T03:58:07.180Z","totalProducts":8}
{"level":"info","message":"User logged in successfully","timestamp":"2024-08-09T03:58:24.701Z","userId":"66971ce4626602fc26186bd4"}
{"level":"info","message":"Fetched all products","timestamp":"2024-08-09T03:58:25.274Z","totalProducts":8}
{"level":"info","message":"Fetched all stories","timestamp":"2024-08-09T03:58:25.303Z","totalStories":3}
{"level":"info","message":"Fetched all products","timestamp":"2024-08-09T03:58:25.730Z","totalProducts":8}
{"level":"info","message":"Fetched all stories","timestamp":"2024-08-09T03:58:25.804Z","totalStories":3}
{"level":"info","message":"Fetched all products","timestamp":"2024-08-09T03:58:26.227Z","totalProducts":8}
{"level":"info","message":"Fetched all stories","timestamp":"2024-08-09T03:58:26.306Z","totalStories":3}
{"level":"info","message":"Fetched all products","timestamp":"2024-08-09T03:58:26.740Z","totalProducts":8}
{"level":"info","message":"Fetched all stories","timestamp":"2024-08-09T03:58:26.796Z","totalStories":3}
{"level":"info","message":"Fetched all products","timestamp":"2024-08-09T03:58:27.273Z","totalProducts":8}
{"level":"info","message":"Fetched all stories","timestamp":"2024-08-09T03:58:27.293Z","totalStories":3}
{"level":"info","message":"Fetched all products","timestamp":"2024-08-09T04:05:17.986Z","totalProducts":8}
{"level":"info","message":"Fetched all stories","timestamp":"2024-08-09T04:05:17.999Z","totalStories":3}
{"level":"info","message":"Fetched all stories","timestamp":"2024-08-09T04:05:27.836Z","totalStories":3}
{"level":"info","message":"Fetched all products","timestamp":"2024-08-09T04:05:27.879Z","totalProducts":8}
{"level":"info","message":"Fetched all products","timestamp":"2024-08-09T04:09:03.907Z","totalProducts":8}
{"level":"info","message":"Fetched all stories","timestamp":"2024-08-09T04:09:03.916Z","totalStories":3}
{"level":"info","message":"Fetched all stories","timestamp":"2024-08-09T05:27:38.487Z","totalStories":3}
{"level":"info","message":"Fetched all stories","timestamp":"2024-08-09T05:27:39.083Z","totalStories":3}
{"level":"info","message":"Fetched all products","timestamp":"2024-08-09T05:27:39.903Z","totalProducts":8}
{"level":"info","message":"Fetched all products","timestamp":"2024-08-09T05:27:40.516Z","totalProducts":8}
{"level":"info","message":"Connected to Database","timestamp":"2024-08-09T06:32:29.530Z"}
{"level":"info","message":"Fetched all products","timestamp":"2024-08-09T06:32:41.479Z","totalProducts":8}
{"level":"info","message":"Fetched all stories","timestamp":"2024-08-09T06:32:41.523Z","totalStories":3}
{"level":"info","message":"Fetched all products","timestamp":"2024-08-09T06:32:41.978Z","totalProducts":8}
{"level":"info","message":"Fetched all stories","timestamp":"2024-08-09T06:32:42.022Z","totalStories":3}
{"level":"info","message":"Connected to Database","timestamp":"2024-08-09T17:09:20.837Z"}
{"level":"info","message":"Connected to Database","timestamp":"2024-08-09T17:41:41.423Z"}
{"level":"info","message":"Connected to Database","timestamp":"2024-08-09T17:41:56.988Z"}
{"level":"info","message":"Fetched all products","timestamp":"2024-08-09T17:42:38.306Z","totalProducts":8}
{"level":"info","message":"Fetched all stories","timestamp":"2024-08-09T17:42:38.313Z","totalStories":3}
{"level":"info","message":"Fetched all stories","timestamp":"2024-08-09T17:42:39.025Z","totalStories":3}
{"level":"info","message":"Fetched all products","timestamp":"2024-08-09T17:42:39.036Z","totalProducts":8}
{"email":"prabishakhadka2000@gmail.com","level":"info","message":"OTP generated","otp":747010,"timestamp":"2024-08-09T17:44:21.890Z"}
{"level":"info","message":"Email sent successfully","response":"250 2.0.0 OK  1723225478 d2e1a72fcca58-710e5ab565fsm18340b3a.191 - gsmtp","subject":"Adoption Hub","timestamp":"2024-08-09T17:44:39.393Z","to":"prabishakhadka2000@gmail.com"}
{"email":"prabishakhadka2000@gmail.com","level":"info","message":"OTP sent successfully","timestamp":"2024-08-09T17:44:39.396Z"}
{"level":"info","message":"Create User request received","requestBody":{"confirmPassword":"123456","email":"prabishakhadka2000@gmail.com","fullName":"Prabisha Khadka","password":"123456"},"timestamp":"2024-08-09T17:45:03.365Z"}
{"level":"info","message":"Connected to Database","timestamp":"2024-08-10T02:32:33.606Z"}
{"level":"info","message":"Fetched all pets","timestamp":"2024-08-10T02:57:20.565Z","totalPets":9,"unvaccinatedPets":9,"vaccinatedPets":0}
{"level":"info","message":"Fetched all pets","timestamp":"2024-08-10T02:57:20.841Z","totalPets":9,"unvaccinatedPets":9,"vaccinatedPets":0}
{"level":"info","message":"Fetched all pets","timestamp":"2024-08-10T02:57:37.583Z","totalPets":9,"unvaccinatedPets":9,"vaccinatedPets":0}
{"level":"info","message":"Fetched all pets","timestamp":"2024-08-10T02:57:37.832Z","totalPets":9,"unvaccinatedPets":9,"vaccinatedPets":0}
{"level":"info","message":"Fetched all pets","timestamp":"2024-08-10T02:57:44.102Z","totalPets":9,"unvaccinatedPets":9,"vaccinatedPets":0}
{"level":"info","message":"Fetched all pets","timestamp":"2024-08-10T02:57:44.360Z","totalPets":9,"unvaccinatedPets":9,"vaccinatedPets":0}
{"level":"info","message":"Fetched all pets","timestamp":"2024-08-10T03:01:23.733Z","totalPets":9,"unvaccinatedPets":9,"vaccinatedPets":0}
{"level":"info","message":"Fetched all pets","timestamp":"2024-08-10T03:01:24.010Z","totalPets":9,"unvaccinatedPets":9,"vaccinatedPets":0}
{"email":"prabishakhadka2000@gmail.com","level":"info","message":"OTP generated","otp":681660,"timestamp":"2024-08-10T03:27:37.264Z"}
{"level":"info","message":"Email sent successfully","response":"250 2.0.0 OK  1723260460 d2e1a72fcca58-710e5a438b3sm456664b3a.121 - gsmtp","subject":"Adoption Hub","timestamp":"2024-08-10T03:27:40.378Z","to":"prabishakhadka2000@gmail.com"}
{"email":"prabishakhadka2000@gmail.com","level":"info","message":"OTP sent successfully","timestamp":"2024-08-10T03:27:40.394Z"}
{"level":"info","message":"Create User request received","requestBody":{"confirmPassword":"@Khad1234","email":"prabishakhadka2000@gmail.com","fullName":"Prabisha Khadka","password":"@Khad1234"},"timestamp":"2024-08-10T03:27:51.095Z"}
{"level":"info","message":"User created successfully","timestamp":"2024-08-10T03:27:51.796Z","userId":"66b6de37abd06d30bfba7147"}
{"level":"info","message":"User logged in successfully","timestamp":"2024-08-10T03:27:59.297Z","userId":"66b6de37abd06d30bfba7147"}
{"level":"info","message":"Connected to Database","timestamp":"2024-08-10T05:27:29.214Z"}
{"level":"info","message":"Connected to Database","timestamp":"2024-08-10T05:28:10.218Z"}
{"level":"info","message":"Connected to Database","timestamp":"2024-08-10T05:28:15.815Z"}
{"level":"info","message":"Connected to Database","timestamp":"2024-08-10T05:28:19.927Z"}
{"level":"info","message":"Connected to Database","timestamp":"2024-08-10T05:28:27.458Z"}
{"level":"info","message":"Connected to Database","timestamp":"2024-08-10T05:28:33.794Z"}
{"level":"info","message":"Connected to Database","timestamp":"2024-08-10T05:28:41.002Z"}
{"level":"info","message":"Connected to Database","timestamp":"2024-08-10T05:28:48.098Z"}
{"level":"info","message":"Connected to Database","timestamp":"2024-08-10T05:28:52.952Z"}
{"level":"info","message":"Connected to Database","timestamp":"2024-08-10T05:28:57.815Z"}
{"level":"info","message":"Connected to Database","timestamp":"2024-08-10T05:29:02.404Z"}
{"level":"info","message":"Send Message request received","requestBody":{"contactEmail":"prabishakha","contactMessage":"nn","contactName":"Prabisha Khadka"},"timestamp":"2024-08-10T05:39:52.275Z"}
{"level":"info","message":"Send Message request received","requestBody":{"contactEmail":"prabishakhadka2000@gmail.com","contactMessage":"hi","contactName":"Prabisha Khadka"},"timestamp":"2024-08-10T05:40:28.975Z"}
{"level":"info","message":"Email sent successfully","response":"250 2.0.0 OK  1723268431 d9443c01a7336-200bb9b15aasm5710535ad.124 - gsmtp","subject":"Contact Us","timestamp":"2024-08-10T05:40:31.900Z","to":"prabishakhadka2000@gmail.com"}
{"level":"info","message":"Fetched all pets","timestamp":"2024-08-10T05:41:28.495Z","totalPets":9,"unvaccinatedPets":9,"vaccinatedPets":0}
{"level":"info","message":"Fetched all pets","timestamp":"2024-08-10T05:41:28.810Z","totalPets":9,"unvaccinatedPets":9,"vaccinatedPets":0}
{"level":"info","message":"Fetched all pets","timestamp":"2024-08-10T05:43:31.764Z","totalPets":9,"unvaccinatedPets":9,"vaccinatedPets":0}
{"level":"info","message":"Fetched all pets","timestamp":"2024-08-10T05:48:22.598Z","totalPets":9,"unvaccinatedPets":9,"vaccinatedPets":0}
{"level":"info","message":"Fetched all pets","timestamp":"2024-08-10T05:48:22.905Z","totalPets":9,"unvaccinatedPets":9,"vaccinatedPets":0}
{"level":"info","message":"Fetched all pets","timestamp":"2024-08-10T05:48:39.995Z","totalPets":9,"unvaccinatedPets":9,"vaccinatedPets":0}
{"level":"info","message":"Fetched all pets","timestamp":"2024-08-10T05:48:40.267Z","totalPets":9,"unvaccinatedPets":9,"vaccinatedPets":0}
{"level":"info","message":"Fetched all pets","timestamp":"2024-08-10T05:48:45.887Z","totalPets":9,"unvaccinatedPets":9,"vaccinatedPets":0}
{"level":"info","message":"Fetched all pets","timestamp":"2024-08-10T05:48:46.463Z","totalPets":9,"unvaccinatedPets":9,"vaccinatedPets":0}
{"level":"info","message":"Fetched all pets","timestamp":"2024-08-10T06:07:03.165Z","totalPets":9,"unvaccinatedPets":9,"vaccinatedPets":0}
{"level":"info","message":"Fetched all pets","timestamp":"2024-08-10T06:07:03.459Z","totalPets":9,"unvaccinatedPets":9,"vaccinatedPets":0}
{"level":"info","message":"Fetched all pets","timestamp":"2024-08-10T06:07:19.760Z","totalPets":9,"unvaccinatedPets":9,"vaccinatedPets":0}
{"level":"info","message":"Fetched all pets","timestamp":"2024-08-10T06:07:20.028Z","totalPets":9,"unvaccinatedPets":9,"vaccinatedPets":0}
{"level":"info","message":"Connected to Database","timestamp":"2024-08-10T06:32:45.907Z"}
{"level":"info","message":"Connected to Database","timestamp":"2024-08-10T06:32:52.195Z"}
{"level":"info","message":"Connected to Database","timestamp":"2024-08-10T06:33:32.296Z"}
{"level":"info","message":"Connected to Database","timestamp":"2024-08-10T06:33:48.170Z"}
{"level":"info","message":"User logged in successfully","timestamp":"2024-08-10T06:34:47.962Z","userId":"66b6de37abd06d30bfba7147"}
{"level":"info","message":"Connected to Database","timestamp":"2024-08-10T06:42:45.248Z"}
{"level":"info","message":"Connected to Database","timestamp":"2024-08-10T06:45:08.729Z"}
{"level":"info","message":"Connected to Database","timestamp":"2024-08-10T06:45:22.579Z"}
{"level":"info","message":"Connected to Database","timestamp":"2024-08-10T06:46:09.983Z"}
{"level":"info","message":"User logged in successfully","timestamp":"2024-08-10T06:46:34.293Z","userId":"66b6de37abd06d30bfba7147"}
{"level":"info","message":"Connected to Database","timestamp":"2024-08-10T06:50:39.087Z"}
{"level":"info","message":"Connected to Database","timestamp":"2024-08-10T06:56:44.343Z"}
{"level":"info","message":"Connected to Database","timestamp":"2024-08-10T06:59:30.506Z"}
{"level":"info","message":"Connected to Database","timestamp":"2024-08-10T07:05:02.265Z"}
{"level":"info","message":"Connected to Database","timestamp":"2024-08-10T07:08:23.309Z"}
{"level":"info","message":"User logged in successfully","sessionId":"jQd07ac_QlFZ77GXjKiQm4o-qEkfC4t5","timestamp":"2024-08-10T07:08:49.374Z","userId":"66b6de37abd06d30bfba7147"}
{"level":"info","message":"Connected to Database","timestamp":"2024-08-10T07:12:29.643Z"}
{"level":"info","message":"Connected to Database","timestamp":"2024-08-10T07:12:41.134Z"}
{"level":"info","message":"User logged in successfully","sessionId":"8p4ER96VjSF7EPuSLVILaZYgePmIwU0F","timestamp":"2024-08-10T07:13:16.739Z","userId":"66b6de37abd06d30bfba7147"}
{"level":"info","message":"Connected to Database","timestamp":"2024-08-10T07:14:06.405Z"}
{"level":"info","message":"Connected to Database","timestamp":"2024-08-10T07:27:28.833Z"}
{"level":"info","message":"Connected to Database","timestamp":"2024-08-10T07:27:34.938Z"}
{"level":"info","message":"Connected to Database","timestamp":"2024-08-10T07:27:41.134Z"}
{"level":"info","message":"Connected to Database","timestamp":"2024-08-10T07:27:53.430Z"}
{"level":"info","message":"Connected to Database","timestamp":"2024-08-10T07:28:59.640Z"}
{"level":"info","message":"Connected to Database","timestamp":"2024-08-10T07:29:15.533Z"}
{"level":"info","message":"Connected to Database","timestamp":"2024-08-10T07:30:51.509Z"}
{"level":"info","message":"Connected to Database","timestamp":"2024-08-10T07:30:58.143Z"}
{"level":"info","message":"User logged in successfully","method":"POST","sessionId":"13QIHKApfsIBPQ7Aznr5NUVwCDWdjzNE","timestamp":"2024-08-10T07:31:17.458Z","url":"/api/user/login","userId":"66b6de37abd06d30bfba7147","userName":"Prabisha Khadka"}
{"level":"info","message":"Connected to Database","timestamp":"2024-08-10T07:37:52.612Z"}
{"level":"info","message":"Connected to Database","timestamp":"2024-08-10T07:38:27.478Z"}
{"level":"info","message":"User logged in successfully","method":"POST","sessionId":"HQ5KlekHjPx1xnMsB6NlB57RDLfy7o2T","timestamp":"2024-08-10T07:38:49.229Z","url":"/api/user/login","userId":"66b6de37abd06d30bfba7147","userName":"Prabisha Khadka"}
{"level":"info","message":"Connected to Database","timestamp":"2024-08-10T07:40:28.137Z"}
{"level":"info","message":{"method":"POST","sessionId":"nfl724innty6TIzQQa6XMM5LCnSPM4UZ","text":"User logged in successfully","url":"/api/user/login","userId":"66b6de37abd06d30bfba7147","userName":"Prabisha Khadka"},"timestamp":"2024-08-10T07:40:42.331Z"}
{"level":"info","message":"Connected to Database","timestamp":"2024-08-10T07:41:48.263Z"}
{"level":"info","message":"Connected to Database","timestamp":"2024-08-10T08:29:03.901Z"}
{"level":"info","message":"Connected to Database","timestamp":"2024-08-10T08:30:26.322Z"}
{"level":"info","message":"Connected to Database","timestamp":"2024-08-10T08:30:32.865Z"}
{"level":"info","message":"Fetched all pets","timestamp":"2024-08-10T08:38:15.632Z","totalPets":9,"unvaccinatedPets":9,"vaccinatedPets":0}
{"level":"info","message":"Fetched all pets","timestamp":"2024-08-10T08:38:15.941Z","totalPets":9,"unvaccinatedPets":9,"vaccinatedPets":0}
{"level":"info","message":"Connected to Database","timestamp":"2024-08-10T08:42:12.339Z"}
{"level":"info","message":"Fetched all pets","timestamp":"2024-08-10T08:46:25.857Z","totalPets":9,"unvaccinatedPets":9,"vaccinatedPets":0}
{"level":"info","message":"Fetched all pets","timestamp":"2024-08-10T08:46:26.116Z","totalPets":9,"unvaccinatedPets":9,"vaccinatedPets":0}
{"level":"info","message":"Connected to Database","timestamp":"2024-08-10T08:49:12.540Z"}
{"level":"info","message":{"Fullname":"Prabisha Khadka","method":"POST","sessionId":"s70E_mv06Ps-cDolkDrk7GKPrUFozMBw","text":"User logged in successfully","url":"/api/user/login","userId":"66b6de37abd06d30bfba7147"},"timestamp":"2024-08-10T08:49:36.428Z"}
{"level":"info","message":"Connected to Database","timestamp":"2024-08-10T08:54:48.821Z"}
{"level":"info","message":{"Fullname":"Prabisha Khadka","method":"POST","sessionId":"X65BK5gUu21quSXqfeETlp7x0qrr0pRX","text":"User logged in successfully","url":"/api/user/login","userId":"66b6de37abd06d30bfba7147"},"timestamp":"2024-08-10T08:55:07.174Z"}
{"level":"info","message":"Connected to Database","timestamp":"2024-08-10T08:58:39.874Z"}
{"level":"info","message":"Connected to Database","timestamp":"2024-08-10T09:03:10.369Z"}
{"level":"info","message":"Connected to Database","timestamp":"2024-08-10T09:09:08.574Z"}
{"level":"info","message":"Connected to Database","timestamp":"2024-08-10T09:09:25.775Z"}
{"level":"info","message":{"Fullname":"Prabisha Khadka","method":"POST","sessionId":"UXfVPAla2X9sPaxE8AKGAuDac6jXiCnF","text":"User logged in successfully","url":"/api/user/login","userId":"66b6de37abd06d30bfba7147"},"timestamp":"2024-08-10T09:29:13.335Z"}
{"level":"info","message":"Connected to Database","timestamp":"2024-08-10T09:39:44.317Z"}
{"level":"info","message":"Connected to Database","timestamp":"2024-08-10T09:52:07.746Z"}
{"level":"info","message":"Fetched all pets","timestamp":"2024-08-10T10:03:30.785Z","totalPets":9,"unvaccinatedPets":9,"vaccinatedPets":0}
{"level":"info","message":"Fetched all pets","timestamp":"2024-08-10T10:03:31.053Z","totalPets":9,"unvaccinatedPets":9,"vaccinatedPets":0}
{"level":"info","message":"Fetched all pets","timestamp":"2024-08-10T10:04:11.482Z","totalPets":9,"unvaccinatedPets":9,"vaccinatedPets":0}
{"level":"info","message":"Fetched all pets","timestamp":"2024-08-10T10:04:11.743Z","totalPets":9,"unvaccinatedPets":9,"vaccinatedPets":0}
{"level":"info","message":"Connected to Database","timestamp":"2024-08-10T10:17:51.079Z"}
{"error":"Could not connect to any servers in your MongoDB Atlas cluster. One common reason is that you're trying to access the database from an IP that isn't whitelisted. Make sure your current IP address is on your Atlas cluster's IP whitelist: https://www.mongodb.com/docs/atlas/security-whitelist/","level":"error","message":"Database connection error","timestamp":"2024-07-29T10:31:38.240Z"}
{"error":"Could not connect to any servers in your MongoDB Atlas cluster. One common reason is that you're trying to access the database from an IP that isn't whitelisted. Make sure your current IP address is on your Atlas cluster's IP whitelist: https://www.mongodb.com/docs/atlas/security-whitelist/","level":"error","message":"Database connection error","timestamp":"2024-07-30T10:41:18.074Z"}
{"error":"Operation `users.findOne()` buffering timed out after 10000ms","level":"error","message":"Error in loginUser","method":"POST","timestamp":"2024-08-10T11:05:31.994Z","url":"/api/user/login"}
{"error":"Operation `users.findOne()` buffering timed out after 10000ms","level":"error","message":"Error in loginUser","method":"POST","timestamp":"2024-08-10T11:05:38.037Z","url":"/api/user/login"}
{"error":"Operation `users.findOne()` buffering timed out after 10000ms","level":"error","message":"Error in loginUser","method":"POST","timestamp":"2024-08-10T11:07:31.690Z","url":"/api/user/login"}
{"level":"info","message":"Connected to Database","timestamp":"2024-08-10T11:08:49.058Z"}
{"level":"info","message":{"Fullname":"Prabisha Khadka","method":"POST","sessionId":"fx3ynICgUGM1N7cCJ2kKlXMWdcDyndI1","text":"User logged in successfully","url":"/api/user/login","userId":"66b6de37abd06d30bfba7147"},"timestamp":"2024-08-10T11:09:22.013Z"}
{"level":"info","message":"Connected to Database","timestamp":"2024-08-10T11:10:08.709Z"}
{"level":"info","message":{"Fullname":"Prabisha Khadka","method":"POST","sessionId":"7IGG_7HjGcChPkfiWWA3J0tTXUqiLH4d","text":"User logged in successfully","url":"/api/user/login","userId":"66b6de37abd06d30bfba7147"},"timestamp":"2024-08-10T11:10:25.090Z"}
{"level":"info","message":"Connected to Database","timestamp":"2024-08-10T11:10:42.725Z"}
{"email":"prabishakhadka2000@gmail.com","level":"info","message":"OTP generated","otp":147010,"timestamp":"2024-08-10T11:17:56.029Z"}
{"level":"info","message":"Email sent successfully","response":"250 2.0.0 OK  1723288679 98e67ed59e1d1-2d1fd022d93sm1354737a91.55 - gsmtp","subject":"Adoption Hub","timestamp":"2024-08-10T11:17:58.995Z","to":"prabishakhadka2000@gmail.com"}
{"email":"prabishakhadka2000@gmail.com","level":"info","message":"OTP sent successfully","timestamp":"2024-08-10T11:17:58.997Z"}
{"email":"prabishakhadka2000@gmail.com","level":"info","message":"OTP generated","otp":929168,"timestamp":"2024-08-10T11:19:44.630Z"}
{"email":"prabishakhadka2000@gmail.com","level":"info","message":"OTP generated","otp":866105,"timestamp":"2024-08-10T11:19:45.658Z"}
{"email":"prabishakhadka2000@gmail.com","level":"info","message":"OTP generated","otp":770142,"timestamp":"2024-08-10T11:19:46.613Z"}
{"level":"info","message":"Email sent successfully","response":"250 2.0.0 OK  1723288787 d2e1a72fcca58-710e8f53032sm866597b3a.70 - gsmtp","subject":"Adoption Hub","timestamp":"2024-08-10T11:19:47.464Z","to":"prabishakhadka2000@gmail.com"}
{"email":"prabishakhadka2000@gmail.com","level":"info","message":"OTP sent successfully","timestamp":"2024-08-10T11:19:47.468Z"}
{"level":"info","message":"Email sent successfully","response":"250 2.0.0 OK  1723288789 41be03b00d2f7-7c3dbe9f9c5sm1124698a12.77 - gsmtp","subject":"Adoption Hub","timestamp":"2024-08-10T11:19:49.190Z","to":"prabishakhadka2000@gmail.com"}
{"email":"prabishakhadka2000@gmail.com","level":"info","message":"OTP sent successfully","timestamp":"2024-08-10T11:19:49.196Z"}
{"level":"info","message":"Email sent successfully","response":"250 2.0.0 OK  1723288789 d9443c01a7336-200bbb3fc1bsm10139625ad.264 - gsmtp","subject":"Adoption Hub","timestamp":"2024-08-10T11:19:49.306Z","to":"prabishakhadka2000@gmail.com"}
{"email":"prabishakhadka2000@gmail.com","level":"info","message":"OTP sent successfully","timestamp":"2024-08-10T11:19:49.310Z"}
{"email":"prabishakhadka2000@gmail.com","level":"info","message":"OTP generated","otp":544395,"timestamp":"2024-08-10T11:21:05.956Z"}
{"level":"info","message":"Email sent successfully","response":"250 2.0.0 OK  1723288868 d9443c01a7336-200bb7e8c64sm10192325ad.39 - gsmtp","subject":"Adoption Hub","timestamp":"2024-08-10T11:21:08.638Z","to":"prabishakhadka2000@gmail.com"}
{"email":"prabishakhadka2000@gmail.com","level":"info","message":"OTP sent successfully","timestamp":"2024-08-10T11:21:08.640Z"}
{"email":"prabishakhadka2000@gmail.com","level":"info","message":"OTP generated","otp":843666,"timestamp":"2024-08-10T11:25:21.791Z"}
{"level":"info","message":"Email sent successfully","response":"250 2.0.0 OK  1723289125 d2e1a72fcca58-710e5a8815esm1088548b3a.151 - gsmtp","subject":"Adoption Hub","timestamp":"2024-08-10T11:25:25.333Z","to":"prabishakhadka2000@gmail.com"}
{"email":"prabishakhadka2000@gmail.com","level":"info","message":"OTP sent successfully","timestamp":"2024-08-10T11:25:25.335Z"}
{"email":"prabishakhadka2000@gmail.com","level":"info","message":"OTP generated","otp":321584,"timestamp":"2024-08-10T11:25:45.273Z"}
{"level":"info","message":"Email sent successfully","response":"250 2.0.0 OK  1723289148 d2e1a72fcca58-710e5a89f52sm1092963b3a.162 - gsmtp","subject":"Adoption Hub","timestamp":"2024-08-10T11:25:47.933Z","to":"prabishakhadka2000@gmail.com"}
{"email":"prabishakhadka2000@gmail.com","level":"info","message":"OTP sent successfully","timestamp":"2024-08-10T11:25:47.935Z"}
{"email":"prabishakhadka2000@gmail.com","level":"info","message":"OTP generated","otp":410396,"timestamp":"2024-08-10T11:45:15.645Z"}
{"level":"info","message":"Email sent successfully","response":"250 2.0.0 OK  1723290318 98e67ed59e1d1-2d1fcec6b47sm1430778a91.13 - gsmtp","subject":"Adoption Hub","timestamp":"2024-08-10T11:45:18.620Z","to":"prabishakhadka2000@gmail.com"}
{"email":"prabishakhadka2000@gmail.com","level":"info","message":"OTP sent successfully","timestamp":"2024-08-10T11:45:18.622Z"}
{"email":"prabishakhadka2000@gmail.com","level":"info","message":"OTP generated","otp":491644,"timestamp":"2024-08-10T11:49:25.328Z"}
{"level":"info","message":"Email sent successfully","response":"250 2.0.0 OK  1723290568 98e67ed59e1d1-2d1fcf06589sm1399524a91.25 - gsmtp","subject":"Adoption Hub","timestamp":"2024-08-10T11:49:28.186Z","to":"prabishakhadka2000@gmail.com"}
{"email":"prabishakhadka2000@gmail.com","level":"info","message":"OTP sent successfully","timestamp":"2024-08-10T11:49:28.188Z"}
{"level":"info","message":"Connected to Database","timestamp":"2024-08-10T11:53:21.032Z"}
{"level":"info","message":"Connected to Database","timestamp":"2024-08-10T11:54:14.784Z"}
{"level":"info","message":"Connected to Database","timestamp":"2024-08-10T11:54:28.365Z"}
{"level":"info","message":"Connected to Database","timestamp":"2024-08-10T11:55:11.163Z"}
{"email":"prabishakhadka2000@gmail.com","expiresAt":"2024-08-10T12:10:19.685Z","level":"info","message":"OTP generated","otp":568394,"timestamp":"2024-08-10T11:55:19.686Z"}
{"level":"info","message":"Email sent successfully","response":"250 2.0.0 OK  1723290923 41be03b00d2f7-7c3dbe040b9sm1168619a12.18 - gsmtp","subject":"Adoption Hub","timestamp":"2024-08-10T11:55:23.522Z","to":"prabishakhadka2000@gmail.com"}
{"email":"prabishakhadka2000@gmail.com","level":"info","message":"OTP sent successfully","timestamp":"2024-08-10T11:55:23.524Z"}
{"level":"info","message":"Create User request received","requestBody":{"confirmPassword":"@Khad1234","email":"prabishakhadka2000@gmail.com","fullName":"Prabisha Khadka","password":"@Khad1234"},"timestamp":"2024-08-10T11:55:59.041Z"}
{"email":"prabishakhadka2000@gmail.com","expiresAt":"2024-08-10T12:13:49.592Z","level":"info","message":"OTP generated","otp":195315,"timestamp":"2024-08-10T11:58:49.592Z"}
{"level":"info","message":"Email sent successfully","response":"250 2.0.0 OK  1723291132 98e67ed59e1d1-2d1fcfe3dd8sm1404104a91.43 - gsmtp","subject":"Adoption Hub","timestamp":"2024-08-10T11:58:52.761Z","to":"prabishakhadka2000@gmail.com"}
{"email":"prabishakhadka2000@gmail.com","level":"info","message":"OTP sent successfully","timestamp":"2024-08-10T11:58:52.763Z"}
{"level":"info","message":"Connected to Database","timestamp":"2024-08-10T12:00:47.678Z"}
{"level":"info","message":"Connected to Database","timestamp":"2024-08-10T12:01:01.550Z"}
{"level":"info","message":"Connected to Database","timestamp":"2024-08-10T12:01:10.398Z"}
{"email":"prabishakhadka2000@gmail.com","expiresAt":"2024-08-10T12:17:35.978Z","level":"info","message":"OTP generated","otp":800054,"timestamp":"2024-08-10T12:02:35.978Z"}
{"level":"info","message":"Email sent successfully","response":"250 2.0.0 OK  1723291359 d9443c01a7336-200bb9b141asm10676685ad.179 - gsmtp","subject":"Adoption Hub","timestamp":"2024-08-10T12:02:39.327Z","to":"prabishakhadka2000@gmail.com"}
{"email":"prabishakhadka2000@gmail.com","level":"info","message":"OTP sent successfully","timestamp":"2024-08-10T12:02:39.329Z"}
{"email":"prabishakhadka2000@gmail.com","expiresAt":"2024-08-10T12:04:28.634Z","level":"info","message":"OTP generated","otp":432400,"timestamp":"2024-08-10T12:03:28.634Z"}
{"level":"info","message":"Connected to Database","timestamp":"2024-08-10T12:03:29.755Z"}
{"level":"info","message":"Email sent successfully","response":"250 2.0.0 OK  1723291414 d9443c01a7336-200bb7e8cc7sm10799265ad.23 - gsmtp","subject":"Adoption Hub","timestamp":"2024-08-10T12:03:34.744Z","to":"prabishakhadka2000@gmail.com"}
{"email":"prabishakhadka2000@gmail.com","level":"info","message":"OTP sent successfully","timestamp":"2024-08-10T12:03:34.746Z"}
{"email":"prabishakhadka2000@gmail.com","expiresAt":"2024-08-10T12:07:01.752Z","level":"info","message":"OTP generated","otp":454779,"timestamp":"2024-08-10T12:06:01.752Z"}
{"level":"info","message":"Email sent successfully","response":"250 2.0.0 OK  1723291564 d9443c01a7336-200bb7e93fesm10841365ad.43 - gsmtp","subject":"Adoption Hub","timestamp":"2024-08-10T12:06:04.983Z","to":"prabishakhadka2000@gmail.com"}
{"email":"prabishakhadka2000@gmail.com","level":"info","message":"OTP sent successfully","timestamp":"2024-08-10T12:06:04.985Z"}
{"email":"prabishakhadka2000@gmail.com","expiresAt":"2024-08-10T12:10:49.089Z","level":"info","message":"OTP generated","otp":931240,"timestamp":"2024-08-10T12:09:49.089Z"}
{"level":"info","message":"Email sent successfully","response":"250 2.0.0 OK  1723291792 98e67ed59e1d1-2d1c9ca796fsm5071089a91.30 - gsmtp","subject":"Adoption Hub","timestamp":"2024-08-10T12:09:52.408Z","to":"prabishakhadka2000@gmail.com"}
{"email":"prabishakhadka2000@gmail.com","level":"info","message":"OTP sent successfully","timestamp":"2024-08-10T12:09:52.410Z"}
{"email":"prabishakhadka2000@gmail.com","expiresAt":"2024-08-10T12:14:09.635Z","level":"info","message":"OTP generated","otp":310740,"timestamp":"2024-08-10T12:13:09.635Z"}
{"level":"info","message":"Email sent successfully","response":"250 2.0.0 OK  1723291992 d9443c01a7336-200bb9fe5fasm10767555ad.190 - gsmtp","subject":"Adoption Hub","timestamp":"2024-08-10T12:13:12.935Z","to":"prabishakhadka2000@gmail.com"}
{"email":"prabishakhadka2000@gmail.com","level":"info","message":"OTP sent successfully","timestamp":"2024-08-10T12:13:12.938Z"}
{"email":"prabishakhadka2000@gmail.com","expiresAt":"2024-08-10T12:18:22.765Z","level":"info","message":"OTP generated","otp":707357,"timestamp":"2024-08-10T12:17:22.766Z"}
{"level":"info","message":"Email sent successfully","response":"250 2.0.0 OK  1723292245 98e67ed59e1d1-2d1c9db3bdesm4711094a91.44 - gsmtp","subject":"Adoption Hub","timestamp":"2024-08-10T12:17:25.942Z","to":"prabishakhadka2000@gmail.com"}
{"email":"prabishakhadka2000@gmail.com","level":"info","message":"OTP sent successfully","timestamp":"2024-08-10T12:17:25.944Z"}
{"email":"prabishakhadka2000@gmail.com","expiresAt":"2024-08-10T12:27:59.260Z","level":"info","message":"OTP generated","otp":358384,"timestamp":"2024-08-10T12:26:59.260Z"}
{"level":"info","message":"Email sent successfully","response":"250 2.0.0 OK  1723292822 d9443c01a7336-200bba01cb4sm10964885ad.199 - gsmtp","subject":"Adoption Hub","timestamp":"2024-08-10T12:27:02.663Z","to":"prabishakhadka2000@gmail.com"}
{"email":"prabishakhadka2000@gmail.com","level":"info","message":"OTP sent successfully","timestamp":"2024-08-10T12:27:02.666Z"}
{"level":"info","message":"Create User request received","requestBody":{"confirmPassword":"@Khad1234","email":"prabishakhadka2000@gmail.com","fullName":"Prabisha Khadka","password":"@Khad1234"},"timestamp":"2024-08-10T12:33:10.218Z"}
{"level":"info","message":{"Fullname":"Prabisha Khadka","method":"POST","sessionId":"awx3PkKGZIxcL0ri5EaSH-7etby41b9P","text":"User logged in successfully","url":"/api/user/login","userId":"66b6de37abd06d30bfba7147"},"timestamp":"2024-08-10T12:34:47.834Z"}
{"email":"dotelanjana93@gmail.com","expiresAt":"2024-08-10T12:42:57.774Z","level":"info","message":"OTP generated","otp":392805,"timestamp":"2024-08-10T12:41:57.774Z"}
{"email":"dotelanjana93@gmail.com","expiresAt":"2024-08-10T12:43:09.804Z","level":"info","message":"OTP generated","otp":995463,"timestamp":"2024-08-10T12:42:09.804Z"}
{"email":"dotelanjana93@gmail.com","expiresAt":"2024-08-10T12:43:27.582Z","level":"info","message":"OTP generated","otp":143749,"timestamp":"2024-08-10T12:42:27.582Z"}
{"level":"info","message":"Connected to Database","timestamp":"2024-08-10T12:42:54.558Z"}
{"email":"dotelanjana93@gmail.com","expiresAt":"2024-08-10T12:44:05.442Z","level":"info","message":"OTP generated","otp":228819,"timestamp":"2024-08-10T12:43:05.442Z"}
{"email":"dotelanjana93@gmail.com","expiresAt":"2024-08-10T12:45:01.625Z","level":"info","message":"OTP generated","otp":448453,"timestamp":"2024-08-10T12:44:01.625Z"}
{"level":"info","message":"Connected to Database","timestamp":"2024-08-10T15:49:02.438Z"}
{"email":"dotelanjana93@gmail.com","expiresAt":"2024-08-10T15:51:39.958Z","level":"info","message":"OTP generated","otp":968219,"timestamp":"2024-08-10T15:50:39.959Z"}
{"email":"prabishakhadka2000@gmail.com","expiresAt":"2024-08-10T15:52:24.047Z","level":"info","message":"OTP generated","otp":162785,"timestamp":"2024-08-10T15:51:24.047Z"}
{"level":"info","message":"Email sent successfully","response":"250 2.0.0 OK  1723305088 d2e1a72fcca58-710e5a43cc2sm1386862b3a.104 - gsmtp","subject":"Adoption Hub","timestamp":"2024-08-10T15:51:29.068Z","to":"prabishakhadka2000@gmail.com"}
{"email":"prabishakhadka2000@gmail.com","level":"info","message":"OTP sent successfully","timestamp":"2024-08-10T15:51:29.110Z"}
{"email":"prabis@gmail.com","expiresAt":"2024-08-10T15:52:55.792Z","level":"info","message":"OTP generated","otp":716550,"timestamp":"2024-08-10T15:51:55.792Z"}
{"error":"connect ECONNREFUSED ::1:27017","level":"error","message":"Database connection error","timestamp":"2024-08-11T15:24:03.642Z"}
{"email":"prabishakhadka2000@gmail.com","expiresAt":"2024-08-11T15:25:35.083Z","level":"info","message":"OTP generated","otp":206266,"timestamp":"2024-08-11T15:24:35.084Z"}
{"email":"prabishakhadka2000@gmail.com","expiresAt":"2024-08-11T15:25:42.236Z","level":"info","message":"OTP generated","otp":350153,"timestamp":"2024-08-11T15:24:42.236Z"}
{"error":"Operation `users.findOne()` buffering timed out after 10000ms","level":"error","message":"Error sending OTP","timestamp":"2024-08-11T15:24:45.127Z"}
{"error":"Operation `users.findOne()` buffering timed out after 10000ms","level":"error","message":"Error sending OTP","timestamp":"2024-08-11T15:24:52.257Z"}
{"level":"info","message":"Connected to Database","timestamp":"2024-08-11T15:27:14.360Z"}
{"email":"prabishakhadka2000@gmail.com","expiresAt":"2024-08-11T15:28:37.512Z","level":"info","message":"OTP generated","otp":643507,"timestamp":"2024-08-11T15:27:37.512Z"}
{"level":"info","message":"Email sent successfully","response":"250 2.0.0 OK  1723390061 d2e1a72fcca58-710e587382csm2525610b3a.33 - gsmtp","subject":"Adoption Hub","timestamp":"2024-08-11T15:27:41.434Z","to":"prabishakhadka2000@gmail.com"}
{"email":"prabishakhadka2000@gmail.com","level":"info","message":"OTP sent successfully","timestamp":"2024-08-11T15:27:41.437Z"}
{"level":"info","message":"Create User request received","requestBody":{"confirmPassword":"@Khad1234","email":"prabishakhadka2000@gmail.com","fullName":"Prabisha Khadka","password":"@Khad1234"},"timestamp":"2024-08-11T15:27:57.841Z"}
{"email":"avicekbhatta.13@gmail.com","expiresAt":"2024-08-11T15:29:54.209Z","level":"info","message":"OTP generated","otp":345664,"timestamp":"2024-08-11T15:28:54.209Z"}
{"email":"prabishakhadka2000@gmail.com","expiresAt":"2024-08-11T15:30:39.152Z","level":"info","message":"OTP generated","otp":161985,"timestamp":"2024-08-11T15:29:39.152Z"}
{"level":"info","message":"Email sent successfully","response":"250 2.0.0 OK  1723390184 d9443c01a7336-200bba00771sm23936155ad.225 - gsmtp","subject":"Adoption Hub","timestamp":"2024-08-11T15:29:43.875Z","to":"prabishakhadka2000@gmail.com"}
{"email":"prabishakhadka2000@gmail.com","level":"info","message":"OTP sent successfully","timestamp":"2024-08-11T15:29:43.878Z"}
{"level":"info","message":"Create User request received","requestBody":{"confirmPassword":"@Khad1234","email":"prabishakhadka2000@gmail.com","fullName":"Prabisha Khadka","password":"@Khad1234"},"timestamp":"2024-08-11T15:29:56.095Z"}
{"error":"connect ECONNREFUSED ::1:27017","level":"error","message":"Database connection error","timestamp":"2024-08-11T15:33:46.894Z"}
{"level":"info","message":"Connected to Database","timestamp":"2024-08-11T15:35:23.001Z"}
{"email":"prabishakhadka2000@gmail.com","expiresAt":"2024-08-11T15:37:05.253Z","level":"info","message":"OTP generated","otp":968115,"timestamp":"2024-08-11T15:36:05.254Z"}
{"level":"info","message":"Email sent successfully","response":"250 2.0.0 OK  1723390569 d9443c01a7336-200bb9b17ccsm23829085ad.135 - gsmtp","subject":"Adoption Hub","timestamp":"2024-08-11T15:36:09.536Z","to":"prabishakhadka2000@gmail.com"}
{"email":"prabishakhadka2000@gmail.com","level":"info","message":"OTP sent successfully","timestamp":"2024-08-11T15:36:09.539Z"}
{"level":"info","message":"Create User request received","requestBody":{"confirmPassword":"@Khad1234","email":"prabishakhadka2000@gmail.com","fullName":"Prabisha Khadka","password":"@Khad1234"},"timestamp":"2024-08-11T15:36:21.071Z"}
{"level":"info","message":"Connected to Database","timestamp":"2024-08-11T15:37:01.638Z"}
{"email":"prabishakhadka2000@gmail.com","expiresAt":"2024-08-11T15:38:35.587Z","level":"info","message":"OTP generated","otp":977202,"timestamp":"2024-08-11T15:37:35.588Z"}
{"email":"prabishakhadka2000@gmail.com","expiresAt":"2024-08-11T15:38:59.001Z","level":"info","message":"OTP generated","otp":964451,"timestamp":"2024-08-11T15:37:59.002Z"}
{"level":"info","message":"Connected to Database","timestamp":"2024-08-11T15:40:34.004Z"}
{"level":"info","message":"Connected to Database","timestamp":"2024-08-11T15:40:39.509Z"}
{"level":"info","message":"Connected to Database","timestamp":"2024-08-11T15:41:38.648Z"}
{"level":"info","message":"Connected to Database","timestamp":"2024-08-11T15:41:55.894Z"}
{"level":"info","message":"Connected to Database","timestamp":"2024-08-11T15:41:58.547Z"}
{"level":"info","message":"Connected to Database","timestamp":"2024-08-11T15:42:12.545Z"}
{"level":"info","message":"Connected to Database","timestamp":"2024-08-11T15:42:31.829Z"}
{"email":"prabishakhadka2000@gmail.com","expiresAt":"2024-08-11T15:43:51.326Z","level":"info","message":"OTP generated","otp":554735,"timestamp":"2024-08-11T15:42:51.327Z"}
{"error":"Assignment to constant variable.","level":"error","message":"Error sending OTP","timestamp":"2024-08-11T15:42:51.339Z"}
{"level":"info","message":"Connected to Database","timestamp":"2024-08-11T15:45:06.601Z"}
{"level":"info","message":"Email sent successfully","response":"250 2.0.0 OK  1723391184 d2e1a72fcca58-710e58a9c42sm2546892b3a.69 - gsmtp","subject":"Adoption Hub","timestamp":"2024-08-11T15:46:24.256Z","to":"prabishakhadka2000@gmail.com"}
{"level":"info","message":"Create User request received","requestBody":{"confirmPassword":"@Khad1234","email":"prabishakhadka2000@gmail.com","fullName":"Prabisha Khadka","password":"@Khad1234"},"timestamp":"2024-08-11T15:46:39.421Z"}
{"level":"info","message":"User created successfully","timestamp":"2024-08-11T15:46:39.828Z","userId":"66b8dcdf16b399ef735fc4da"}
{"level":"info","message":{"Fullname":"admin admin","method":"POST","sessionId":"6Qh_6bjcdGdL31QyvKSWd2QL3cyjJLhc","text":"User logged in successfully","url":"/api/user/login","userId":"66b8dd3bed7b9a150bd64216"},"timestamp":"2024-08-11T15:49:15.781Z"}
{"level":"info","message":{"Fullname":"Prabisha Khadka","method":"POST","sessionId":"zRXHhBcp_yM6tcZIi59ev9gz22WuB2sZ","text":"User logged in successfully","url":"/api/user/login","userId":"66b8dcdf16b399ef735fc4da"},"timestamp":"2024-08-11T15:51:34.471Z"}
{"level":"info","message":{"Fullname":"Prabisha Khadka","method":"POST","sessionId":"87tV-UhuQWTE6PGuJd9ptR_wBWp4fRk0","text":"User logged in successfully","url":"/api/user/login","userId":"66b8dcdf16b399ef735fc4da"},"timestamp":"2024-08-11T16:03:30.079Z"}
{"level":"info","message":"Connected to Database","timestamp":"2024-08-11T16:05:35.847Z"}
{"level":"info","message":{"Fullname":"Prabisha Khadka","method":"POST","sessionId":"9emlRFqo53Sj-OzJcFIJdtS9-htryLPo","text":"User logged in successfully","url":"/api/user/login","userId":"66b6de37abd06d30bfba7147"},"timestamp":"2024-08-11T16:08:00.352Z"}
{"level":"info","message":"Fetched all pets","timestamp":"2024-08-11T16:09:00.738Z","totalPets":9,"unvaccinatedPets":9,"vaccinatedPets":0}
{"level":"info","message":"Fetched all pets","timestamp":"2024-08-11T16:09:00.993Z","totalPets":9,"unvaccinatedPets":9,"vaccinatedPets":0}
{"level":"info","message":{"Fullname":"Prabisha Khadka","method":"POST","sessionId":"nPyvqZNytV6nCWGW9CUlldeAHvB4kj7z","text":"User logged in successfully","url":"/api/user/login","userId":"66b6de37abd06d30bfba7147"},"timestamp":"2024-08-11T16:18:15.614Z"}
{"level":"info","message":"Fetched all pets","timestamp":"2024-08-11T16:19:16.751Z","totalPets":9,"unvaccinatedPets":9,"vaccinatedPets":0}
{"level":"info","message":"Fetched all pets","timestamp":"2024-08-11T16:19:16.994Z","totalPets":9,"unvaccinatedPets":9,"vaccinatedPets":0}
{"error":"users validation failed: fullName: Path `fullName` is required.","level":"error","message":"Error in loginUser","method":"POST","timestamp":"2024-08-11T16:20:45.061Z","url":"/api/user/login"}
{"level":"info","message":{"Fullname":"Prabisha Khadka","method":"POST","sessionId":"bW2xqWLS_ax0cSq3l2HpMb7qBCwPLM6L","text":"User logged in successfully","url":"/api/user/login","userId":"66b6de37abd06d30bfba7147"},"timestamp":"2024-08-11T16:21:45.740Z"}
{"level":"info","message":"Connected to Database","timestamp":"2024-08-11T16:26:59.089Z"}
{"level":"info","message":"Fetched all pets","timestamp":"2024-08-11T16:27:17.263Z","totalPets":9,"unvaccinatedPets":9,"vaccinatedPets":0}
{"level":"info","message":"Fetched all pets","timestamp":"2024-08-11T16:27:17.590Z","totalPets":9,"unvaccinatedPets":9,"vaccinatedPets":0}
{"level":"info","message":{"Fullname":"Prabisha Khadka","method":"POST","sessionId":"bhYjSGZ85-YY87ka8GsDS-RF0CaMI3ir","text":"User logged in successfully","url":"/api/user/login","userId":"66b6de37abd06d30bfba7147"},"timestamp":"2024-08-11T16:27:27.960Z"}
{"level":"info","message":"Fetched all pets","timestamp":"2024-08-11T16:28:28.852Z","totalPets":9,"unvaccinatedPets":9,"vaccinatedPets":0}
{"level":"info","message":"Fetched all pets","timestamp":"2024-08-11T16:28:29.179Z","totalPets":9,"unvaccinatedPets":9,"vaccinatedPets":0}
{"level":"info","message":"Connected to Database","timestamp":"2024-08-11T16:29:09.493Z"}
{"level":"info","message":"Connected to Database","timestamp":"2024-08-11T16:31:03.486Z"}
{"level":"info","message":"Connected to Database","timestamp":"2024-08-11T16:31:20.337Z"}
{"level":"info","message":{"Fullname":"Prabisha Khadka","method":"POST","sessionId":"_N4qciVxYmSt96qkJtuOlttANV-Ocy3p","text":"User logged in successfully","url":"/api/user/login","userId":"66b6de37abd06d30bfba7147"},"timestamp":"2024-08-11T16:37:40.973Z"}
{"level":"info","message":"Connected to Database","timestamp":"2024-08-11T16:43:42.571Z"}
{"level":"info","message":"Fetched all pets","timestamp":"2024-08-11T16:52:42.999Z","totalPets":9,"unvaccinatedPets":9,"vaccinatedPets":0}
{"level":"info","message":"Fetched all pets","timestamp":"2024-08-11T16:52:43.479Z","totalPets":9,"unvaccinatedPets":9,"vaccinatedPets":0}
{"level":"info","message":"Connected to Database","timestamp":"2024-08-12T08:09:59.896Z"}
{"error":"Operation `users.findOne()` buffering timed out after 10000ms","level":"error","message":"Error in loginUser","method":"POST","timestamp":"2024-08-12T09:30:16.417Z","url":"/api/user/login"}
{"level":"info","message":"Connected to Database","timestamp":"2024-08-12T09:30:21.233Z"}
{"level":"info","message":{"Fullname":"Prabisha Khadka","method":"POST","sessionId":"D2o2Fob3LEKyTzNsuTgUh6C3bjKyJfrA","text":"User logged in successfully","url":"/api/user/login","userId":"66b6de37abd06d30bfba7147"},"timestamp":"2024-08-12T09:31:43.166Z"}
{"level":"info","message":"Fetched all pets","timestamp":"2024-08-12T09:31:52.557Z","totalPets":9,"unvaccinatedPets":9,"vaccinatedPets":0}
{"level":"info","message":"Fetched all pets","timestamp":"2024-08-12T09:31:56.547Z","totalPets":9,"unvaccinatedPets":9,"vaccinatedPets":0}
{"level":"info","message":"Email sent successfully","response":"250 2.0.0 OK  1723455158 41be03b00d2f7-7c3dbe9f9c5sm3868082a12.77 - gsmtp","subject":"Adoption Hub","timestamp":"2024-08-12T09:32:39.191Z","to":"prabishakhadka2000@gmail.com"}
{"level":"info","message":"Verify User request received","requestBody":{"email":"prabishakhadka2000@gmail.com"},"timestamp":"2024-08-12T09:33:11.546Z"}
{"level":"info","message":"Fetched all pets","timestamp":"2024-08-12T09:46:45.789Z","totalPets":9,"unvaccinatedPets":9,"vaccinatedPets":0}
{"level":"info","message":"Fetched all pets","timestamp":"2024-08-12T09:46:46.097Z","totalPets":9,"unvaccinatedPets":9,"vaccinatedPets":0}
{"level":"info","message":"Connected to Database","timestamp":"2024-08-13T15:19:30.184Z"}
{"level":"info","message":{"Fullname":"Prabisha Khadka","method":"POST","sessionId":"1D7IpNASziLgcrHjH3O0Hf9Lfc9NG_8e","text":"User logged in successfully","url":"/api/user/login","userId":"66b6de37abd06d30bfba7147"},"timestamp":"2024-08-13T15:29:37.965Z"}
{"level":"info","message":"Password changed successfully","timestamp":"2024-08-13T15:30:42.737Z","userId":"66b6de37abd06d30bfba7147"}
{"email":"prabishakhadka2000@gmail.com","level":"info","message":"Reset password email sent","timestamp":"2024-08-13T15:41:50.433Z"}
{"level":"info","message":"Reset password email sent","response":"250 2.0.0 OK  1723563713 d2e1a72fcca58-710e5872b79sm6075271b3a.11 - gsmtp","timestamp":"2024-08-13T15:41:53.823Z"}
{"level":"info","message":{"Fullname":"Prabisha Khadka","method":"POST","sessionId":"151-F_OmK9auEYi3V9SEwsscf2DXIfte","text":"User logged in successfully","url":"/api/user/login","userId":"66b6de37abd06d30bfba7147"},"timestamp":"2024-08-13T15:42:53.914Z"}
{"email":"prabishakhadka2000@gmail.com","level":"info","message":"Reset password email sent","timestamp":"2024-08-13T15:43:17.134Z"}
{"level":"info","message":"Reset password email sent","response":"250 2.0.0 OK  1723563799 41be03b00d2f7-7c697a08f0dsm1638094a12.44 - gsmtp","timestamp":"2024-08-13T15:43:20.338Z"}
{"level":"info","message":"Connected to Database","timestamp":"2024-08-13T15:45:30.825Z"}
{"level":"info","message":"Connected to Database","timestamp":"2024-08-13T16:21:54.689Z"}
{"level":"info","message":"Connected to Database","timestamp":"2024-08-13T16:22:11.582Z"}
{"level":"info","message":"Connected to Database","timestamp":"2024-08-13T16:22:17.299Z"}
{"level":"info","message":"Connected to Database","timestamp":"2024-08-13T16:22:29.114Z"}
{"level":"info","message":"Connected to Database","timestamp":"2024-08-13T16:22:34.002Z"}
{"level":"info","message":"Connected to Database","timestamp":"2024-08-13T16:23:13.619Z"}
{"level":"info","message":"Connected to Database","timestamp":"2024-08-13T16:23:25.525Z"}
{"level":"info","message":"Connected to Database","timestamp":"2024-08-13T16:24:10.129Z"}
{"level":"info","message":"Connected to Database","timestamp":"2024-08-13T16:24:28.124Z"}
{"level":"info","message":"Connected to Database","timestamp":"2024-08-13T16:24:40.210Z"}
{"level":"info","message":"Connected to Database","timestamp":"2024-08-13T16:24:49.435Z"}
{"level":"info","message":"Connected to Database","timestamp":"2024-08-13T16:24:58.451Z"}
{"level":"info","message":"Connected to Database","timestamp":"2024-08-13T16:25:05.330Z"}
{"level":"info","message":"Connected to Database","timestamp":"2024-08-13T16:25:12.642Z"}
{"email":"prabishakhadka2000@gmail.com","level":"info","message":"Reset password email sent","timestamp":"2024-08-13T16:25:28.815Z"}
{"level":"info","message":"Reset password email sent","response":"250 2.0.0 OK  1723566331 d9443c01a7336-201cd1aa00csm15587465ad.173 - gsmtp","timestamp":"2024-08-13T16:25:32.079Z"}
{"level":"info","message":"Connected to Database","timestamp":"2024-08-13T16:33:22.045Z"}
{"email":"prabishakhadka2000@gmail.com","level":"info","message":"Reset password email sent","timestamp":"2024-08-13T16:34:08.757Z"}
{"level":"info","message":"Reset password email sent","response":"250 2.0.0 OK  1723566851 d9443c01a7336-201cd149ea8sm15625525ad.91 - gsmtp","timestamp":"2024-08-13T16:34:11.729Z"}
{"email":"prabishakhadka2000@gmail.com","level":"info","message":"Reset password email sent","timestamp":"2024-08-13T16:36:14.878Z"}
{"level":"info","message":"Reset password email sent","response":"250 2.0.0 OK  1723566977 d9443c01a7336-201cd14b1c8sm15733725ad.78 - gsmtp","timestamp":"2024-08-13T16:36:18.017Z"}
{"level":"info","message":"Connected to Database","timestamp":"2024-08-13T16:38:06.408Z"}
{"level":"info","message":"Connected to Database","timestamp":"2024-08-13T16:43:50.900Z"}
{"email":"prabishakhadka2000@gmail.com","level":"info","message":"Reset password email sent","timestamp":"2024-08-13T16:44:28.970Z"}
{"level":"info","message":"Reset password email sent","response":"250 2.0.0 OK  1723567471 d9443c01a7336-201cd14e700sm15702835ad.119 - gsmtp","timestamp":"2024-08-13T16:44:32.382Z"}
{"email":"prabishakhadka2000@gmail.com","level":"info","message":"Reset password email sent","timestamp":"2024-08-13T16:47:53.513Z"}
{"level":"info","message":"Reset password email sent","response":"250 2.0.0 OK  1723567676 d2e1a72fcca58-71267b8488dsm17027b3a.175 - gsmtp","timestamp":"2024-08-13T16:47:56.757Z"}
{"email":"prabishakhadka2000@gmail.com","level":"info","message":"Reset password email sent","timestamp":"2024-08-13T16:50:23.752Z"}
{"level":"info","message":"Reset password email sent","response":"250 2.0.0 OK  1723567826 d2e1a72fcca58-710e5a43821sm5917297b3a.120 - gsmtp","timestamp":"2024-08-13T16:50:27.102Z"}
{"level":"info","message":"Connected to Database","timestamp":"2024-08-13T16:53:47.353Z"}
{"level":"info","message":"Connected to Database","timestamp":"2024-08-13T16:54:05.859Z"}
{"level":"info","message":"Connected to Database","timestamp":"2024-08-13T16:54:13.863Z"}
{"level":"info","message":"Connected to Database","timestamp":"2024-08-13T16:54:19.984Z"}
{"email":"prabishakhadka2000@gmail.com","level":"info","message":"Reset password email sent","timestamp":"2024-08-13T16:55:32.016Z"}
{"level":"info","message":"Reset password email sent","response":"250 2.0.0 OK  1723568134 d2e1a72fcca58-710e5874e31sm5966457b3a.42 - gsmtp","timestamp":"2024-08-13T16:55:35.237Z"}
{"email":"prabishakhadka2000@gmail.com","level":"info","message":"Password reset successfully","timestamp":"2024-08-13T16:56:02.544Z"}
{"level":"info","message":{"Fullname":"Prabisha Khadka","method":"POST","sessionId":"N5HxiC1jta6QRdsP-gq7uB0ahWz7rw6q","text":"User logged in successfully","url":"/api/user/login","userId":"66b6de37abd06d30bfba7147"},"timestamp":"2024-08-13T16:58:48.643Z"}
{"level":"info","message":"Connected to Database","timestamp":"2024-08-13T17:00:57.993Z"}
{"level":"info","message":"Connected to Database","timestamp":"2024-08-13T17:02:35.782Z"}
{"level":"info","message":"Connected to Database","timestamp":"2024-08-13T17:03:05.578Z"}
{"level":"info","message":"Connected to Database","timestamp":"2024-08-13T17:03:46.003Z"}
{"level":"info","message":"Connected to Database","timestamp":"2024-08-13T17:04:23.076Z"}
{"level":"info","message":"Connected to Database","timestamp":"2024-08-13T17:04:40.767Z"}
{"level":"info","message":"Connected to Database","timestamp":"2024-08-13T17:04:46.925Z"}
{"level":"info","message":"Connected to Database","timestamp":"2024-08-13T17:07:31.740Z"}
{"level":"info","message":"Connected to Database","timestamp":"2024-08-13T17:07:42.461Z"}
{"level":"info","message":"Email sent successfully","response":"250 2.0.0 OK  1723569048 d9443c01a7336-201cd130045sm16100125ad.50 - gsmtp","subject":"Adoption Hub","timestamp":"2024-08-13T17:10:49.019Z","to":"prabishakhadka@gmail.com"}
{"level":"info","message":"Create User request received","requestBody":{"confirmPassword":"@Password1234","email":"prabishakhadka@gmail.com","fullName":"Prabisha Khadka","password":"@Password1234"},"timestamp":"2024-08-13T17:11:09.449Z"}
{"level":"info","message":"Email sent successfully","response":"250 2.0.0 OK  1723569085 d9443c01a7336-201cd147ec4sm16143755ad.85 - gsmtp","subject":"Adoption Hub","timestamp":"2024-08-13T17:11:26.276Z","to":"sarita@gmail.com"}
{"level":"info","message":"Create User request received","requestBody":{"confirmPassword":"@Password1234","email":"sarita@gmail.com","fullName":"Prabisha Khadka","password":"@Password1234"},"timestamp":"2024-08-13T17:11:48.248Z"}
{"level":"info","message":"User created successfully","timestamp":"2024-08-13T17:11:48.927Z","userId":"66bb93d4901f125ee2e789c2"}
{"level":"info","message":{"Fullname":"Prabisha Khadka","method":"POST","sessionId":"kaHcqCnr1SpvxR18Ys6NItB3t4KoKVsF","text":"User logged in successfully","url":"/api/user/login","userId":"66bb93d4901f125ee2e789c2"},"timestamp":"2024-08-13T17:12:14.316Z"}
{"level":"info","message":"Password changed successfully","timestamp":"2024-08-13T17:13:33.915Z","userId":"66bb93d4901f125ee2e789c2"}
{"level":"info","message":"Fetched all pets","timestamp":"2024-08-13T17:13:49.006Z","totalPets":9,"unvaccinatedPets":9,"vaccinatedPets":0}
{"level":"info","message":"Fetched all pets","timestamp":"2024-08-13T17:13:49.278Z","totalPets":9,"unvaccinatedPets":9,"vaccinatedPets":0}
{"level":"info","message":"Connected to Database","timestamp":"2024-08-13T17:14:39.875Z"}
{"level":"info","message":"Connected to Database","timestamp":"2024-08-13T17:14:58.187Z"}
{"level":"info","message":{"Fullname":"Prabisha Khadka","method":"POST","sessionId":"jgD--6xGfibhPZAO9rO_-WoYV-Qjyj3I","text":"User logged in successfully","url":"/api/user/login","userId":"66bb93d4901f125ee2e789c2"},"timestamp":"2024-08-13T17:16:04.657Z"}
{"level":"info","message":"Password changed successfully","timestamp":"2024-08-13T17:17:33.406Z","userId":"66bb93d4901f125ee2e789c2"}
{"level":"info","message":"Connected to Database","timestamp":"2024-08-13T17:19:29.218Z"}
{"level":"info","message":"Connected to Database","timestamp":"2024-08-13T17:19:37.999Z"}
{"level":"info","message":"Connected to Database","timestamp":"2024-08-13T17:19:45.597Z"}
{"level":"info","message":{"Fullname":"Prabisha Khadka","method":"POST","sessionId":"UUUDtgEv9Eu243XLWQxrmNCwJljJ_1rJ","text":"User logged in successfully","url":"/api/user/login","userId":"66bb93d4901f125ee2e789c2"},"timestamp":"2024-08-13T17:21:28.156Z"}
{"level":"info","message":"Connected to Database","timestamp":"2024-08-13T17:22:53.986Z"}
{"level":"info","message":"Connected to Database","timestamp":"2024-08-13T17:22:58.264Z"}
{"level":"info","message":"Connected to Database","timestamp":"2024-08-13T17:23:44.934Z"}
{"level":"info","message":"Connected to Database","timestamp":"2024-08-13T17:24:17.882Z"}
{"level":"info","message":"Fetched all pets","timestamp":"2024-08-13T17:27:15.751Z","totalPets":9,"unvaccinatedPets":9,"vaccinatedPets":0}
{"level":"info","message":"Fetched all pets","timestamp":"2024-08-13T17:27:16.052Z","totalPets":9,"unvaccinatedPets":9,"vaccinatedPets":0}
{"error":"querySrv ECONNREFUSED _mongodb._tcp.cluster0.wmvavdc.mongodb.net","level":"error","message":"Database connection error","timestamp":"2024-08-14T00:46:43.432Z"}
{"level":"info","message":"Connected to Database","timestamp":"2024-08-14T00:47:30.923Z"}
{"level":"info","message":"Connected to Database","timestamp":"2024-08-14T00:50:58.549Z"}
{"level":"info","message":"Connected to Database","timestamp":"2024-08-14T00:51:08.322Z"}
{"level":"info","message":"Connected to Database","timestamp":"2024-08-14T00:51:12.913Z"}
{"level":"info","message":"Connected to Database","timestamp":"2024-08-14T00:51:14.847Z"}
{"level":"info","message":"Connected to Database","timestamp":"2024-08-14T00:51:24.550Z"}
{"level":"info","message":"Connected to Database","timestamp":"2024-08-14T00:51:26.327Z"}
{"level":"info","message":"Connected to Database","timestamp":"2024-08-14T00:51:31.962Z"}
{"level":"info","message":"Connected to Database","timestamp":"2024-08-14T00:51:50.123Z"}
{"level":"info","message":"Connected to Database","timestamp":"2024-08-14T00:52:50.061Z"}
{"level":"info","message":"Connected to Database","timestamp":"2024-08-14T00:52:56.862Z"}
{"level":"info","message":"Connected to Database","timestamp":"2024-08-14T00:53:00.279Z"}
{"level":"info","message":"Connected to Database","timestamp":"2024-08-14T00:53:04.433Z"}
{"level":"info","message":"Connected to Database","timestamp":"2024-08-14T00:53:08.095Z"}
{"level":"info","message":"Connected to Database","timestamp":"2024-08-14T00:53:09.831Z"}
{"level":"info","message":"Connected to Database","timestamp":"2024-08-14T00:53:23.311Z"}
{"level":"info","message":"Connected to Database","timestamp":"2024-08-14T00:53:47.839Z"}
{"level":"info","message":"Connected to Database","timestamp":"2024-08-14T00:55:01.175Z"}
{"level":"info","message":"Connected to Database","timestamp":"2024-08-14T00:55:04.135Z"}
{"level":"info","message":"Connected to Database","timestamp":"2024-08-14T00:55:09.484Z"}
{"level":"info","message":"Connected to Database","timestamp":"2024-08-14T00:55:12.024Z"}
{"level":"info","message":"Connected to Database","timestamp":"2024-08-14T00:55:15.054Z"}
{"level":"info","message":"Connected to Database","timestamp":"2024-08-14T00:55:17.239Z"}
{"level":"info","message":"Connected to Database","timestamp":"2024-08-14T00:55:19.533Z"}
{"level":"info","message":"Connected to Database","timestamp":"2024-08-14T00:55:21.910Z"}
{"level":"info","message":"Connected to Database","timestamp":"2024-08-14T00:56:05.593Z"}
{"level":"info","message":"Connected to Database","timestamp":"2024-08-14T00:56:39.300Z"}
{"level":"info","message":"Connected to Database","timestamp":"2024-08-14T00:57:23.915Z"}
{"level":"info","message":"Connected to Database","timestamp":"2024-08-14T00:58:07.442Z"}
{"level":"info","message":"Connected to Database","timestamp":"2024-08-14T01:00:02.275Z"}
{"level":"info","message":"Connected to Database","timestamp":"2024-08-14T01:02:04.090Z"}
{"level":"info","message":"Connected to Database","timestamp":"2024-08-14T01:02:13.131Z"}
{"level":"info","message":"Connected to Database","timestamp":"2024-08-14T01:02:45.620Z"}
{"level":"info","message":"Connected to Database","timestamp":"2024-08-14T01:02:59.557Z"}
{"email":"prabishakhadka2000@gmail.com","level":"info","message":"Reset password email sent","timestamp":"2024-08-14T01:04:39.373Z"}
{"level":"info","message":"Reset password email sent","response":"250 2.0.0 OK  1723597483 41be03b00d2f7-7c697a54939sm2099574a12.70 - gsmtp","timestamp":"2024-08-14T01:04:43.617Z"}
{"email":"prabishakhadka2000@gmail.com","level":"info","message":"Password reset successfully","timestamp":"2024-08-14T01:05:12.135Z"}
{"level":"info","message":{"Fullname":"Prabisha Khadka","method":"POST","sessionId":"KaLNYJShlNdh0J62QD5xiawB9xaRYIj1","text":"User logged in successfully","url":"/api/user/login","userId":"66b8dcdf16b399ef735fc4da"},"timestamp":"2024-08-14T01:05:31.541Z"}
{"level":"info","message":"Connected to Database","timestamp":"2024-08-14T01:11:17.867Z"}
{"level":"info","message":"Connected to Database","timestamp":"2024-08-14T01:11:36.404Z"}
{"level":"info","message":"Connected to Database","timestamp":"2024-08-14T01:11:46.117Z"}
{"level":"info","message":"Connected to Database","timestamp":"2024-08-14T01:11:52.338Z"}
{"level":"info","message":"Connected to Database","timestamp":"2024-08-14T01:11:55.503Z"}
{"level":"info","message":"Connected to Database","timestamp":"2024-08-14T01:16:35.093Z"}
{"level":"info","message":"Connected to Database","timestamp":"2024-08-14T01:16:49.388Z"}
{"level":"info","message":"Connected to Database","timestamp":"2024-08-14T01:16:54.177Z"}
{"level":"info","message":"Connected to Database","timestamp":"2024-08-14T01:17:07.076Z"}
{"level":"info","message":"Connected to Database","timestamp":"2024-08-14T01:17:10.627Z"}
{"email":"prabishakhadka2000@gmail.com","level":"info","message":"Reset password email sent","timestamp":"2024-08-14T01:17:49.540Z"}
{"level":"info","message":"Reset password email sent","response":"250 2.0.0 OK  1723598273 d9443c01a7336-201cd1d6128sm19372835ad.290 - gsmtp","timestamp":"2024-08-14T01:17:53.242Z"}
{"email":"prabishakhadka2000@gmail.com","level":"info","message":"Password reset successfully","timestamp":"2024-08-14T01:18:25.411Z"}
{"email":"prabishakhadka2000@gmail.com","level":"info","message":"Reset password email sent","timestamp":"2024-08-14T01:19:03.778Z"}
{"level":"info","message":"Reset password email sent","response":"250 2.0.0 OK  1723598348 d9443c01a7336-201cd1b9cc4sm19416745ad.231 - gsmtp","timestamp":"2024-08-14T01:19:07.900Z"}
{"email":"prabishakhadka2000@gmail.com","level":"info","message":"Password reset successfully","timestamp":"2024-08-14T01:19:24.490Z"}
{"level":"info","message":"Connected to Database","timestamp":"2024-08-14T01:19:53.774Z"}
{"level":"info","message":"Connected to Database","timestamp":"2024-08-14T01:20:58.532Z"}
{"level":"info","message":"Connected to Database","timestamp":"2024-08-14T01:21:02.657Z"}
{"level":"info","message":"Connected to Database","timestamp":"2024-08-14T01:21:04.835Z"}
{"level":"info","message":"Connected to Database","timestamp":"2024-08-14T01:21:09.367Z"}
{"email":"prabishakhadka2000@gmail.com","level":"info","message":"Reset password email sent","timestamp":"2024-08-14T01:21:22.623Z"}
{"level":"info","message":"Reset password email sent","response":"250 2.0.0 OK  1723598486 d9443c01a7336-201cd1a9389sm19388655ad.135 - gsmtp","timestamp":"2024-08-14T01:21:26.635Z"}
{"email":"prabishakhadka2000@gmail.com","level":"info","message":"Password reset successfully","timestamp":"2024-08-14T01:21:46.499Z"}
{"level":"info","message":"Connected to Database","timestamp":"2024-08-14T01:29:25.597Z"}
{"level":"info","message":"Connected to Database","timestamp":"2024-08-14T01:29:28.977Z"}
{"level":"info","message":"Connected to Database","timestamp":"2024-08-14T01:29:39.923Z"}
{"level":"info","message":"Connected to Database","timestamp":"2024-08-14T01:29:42.222Z"}
{"level":"info","message":"Connected to Database","timestamp":"2024-08-14T01:30:00.685Z"}
{"level":"info","message":"Connected to Database","timestamp":"2024-08-14T01:30:19.540Z"}
{"level":"info","message":"Connected to Database","timestamp":"2024-08-14T01:30:36.566Z"}
{"level":"info","message":"Connected to Database","timestamp":"2024-08-14T01:30:38.438Z"}
{"level":"info","message":"Connected to Database","timestamp":"2024-08-14T01:30:42.681Z"}
{"level":"info","message":"Connected to Database","timestamp":"2024-08-14T01:30:55.435Z"}
{"level":"info","message":"Connected to Database","timestamp":"2024-08-14T01:31:03.818Z"}
{"level":"info","message":"Connected to Database","timestamp":"2024-08-14T01:31:10.173Z"}
{"level":"info","message":"Connected to Database","timestamp":"2024-08-14T01:31:13.051Z"}
{"email":"prabishakhadka2000@gmail.com","level":"info","message":"Reset password email sent","timestamp":"2024-08-14T01:31:35.558Z"}
{"level":"info","message":"Reset password email sent","response":"250 2.0.0 OK  1723599099 98e67ed59e1d1-2d3ac7d4393sm265802a91.2 - gsmtp","timestamp":"2024-08-14T01:31:39.208Z"}
{"email":"prabishakhadka2000@gmail.com","level":"info","message":"Password reset successfully","timestamp":"2024-08-14T01:32:32.243Z"}
{"level":"info","message":"Connected to Database","timestamp":"2024-08-14T01:33:14.220Z"}
{"level":"info","message":"Connected to Database","timestamp":"2024-08-14T01:33:20.706Z"}
{"level":"info","message":"Connected to Database","timestamp":"2024-08-14T01:33:28.904Z"}
{"level":"info","message":"Connected to Database","timestamp":"2024-08-14T01:33:31.466Z"}
{"level":"info","message":"Connected to Database","timestamp":"2024-08-14T01:33:35.584Z"}
{"level":"info","message":"Connected to Database","timestamp":"2024-08-14T01:33:39.324Z"}
{"level":"info","message":"Connected to Database","timestamp":"2024-08-14T01:33:48.730Z"}
{"email":"prabishakhadka2000@gmail.com","level":"info","message":"Reset password email sent","timestamp":"2024-08-14T01:34:03.735Z"}
{"level":"info","message":"Reset password email sent","response":"250 2.0.0 OK  1723599247 d2e1a72fcca58-710e5874d01sm6563821b3a.16 - gsmtp","timestamp":"2024-08-14T01:34:07.598Z"}
{"email":"prabishakhadka2000@gmail.com","level":"info","message":"Password reset successfully","timestamp":"2024-08-14T01:34:28.530Z"}
{"email":"prabishakhadka2000@gmail.com","level":"info","message":"Reset password email sent","timestamp":"2024-08-14T01:34:58.071Z"}
{"level":"info","message":"Reset password email sent","response":"250 2.0.0 OK  1723599301 41be03b00d2f7-7c6979ff683sm2108610a12.39 - gsmtp","timestamp":"2024-08-14T01:35:01.311Z"}
{"email":"prabishakhadka2000@gmail.com","level":"info","message":"Password reset successfully","timestamp":"2024-08-14T01:35:20.975Z"}
{"level":"info","message":"Connected to Database","timestamp":"2024-08-14T01:36:20.641Z"}
{"email":"prabishakhadka2000@gmail.com","level":"info","message":"Reset password email sent","timestamp":"2024-08-14T01:36:36.442Z"}
{"level":"info","message":"Reset password email sent","response":"250 2.0.0 OK  1723599400 d9443c01a7336-201cd146ea5sm19621995ad.66 - gsmtp","timestamp":"2024-08-14T01:36:40.472Z"}
{"email":"prabishakhadka2000@gmail.com","level":"info","message":"Password reset successfully","timestamp":"2024-08-14T01:37:05.422Z"}
{"level":"info","message":"Connected to Database","timestamp":"2024-08-14T01:37:49.942Z"}
{"level":"info","message":"Connected to Database","timestamp":"2024-08-14T01:38:10.370Z"}
{"level":"info","message":"Connected to Database","timestamp":"2024-08-14T01:38:12.761Z"}
{"level":"info","message":"Connected to Database","timestamp":"2024-08-14T01:38:21.868Z"}
{"level":"info","message":"Connected to Database","timestamp":"2024-08-14T01:38:25.730Z"}
{"email":"prabishakhadka2000@gmail.com","level":"info","message":"Reset password email sent","timestamp":"2024-08-14T01:38:59.517Z"}
{"level":"info","message":"Reset password email sent","response":"250 2.0.0 OK  1723599543 98e67ed59e1d1-2d3ac7f9e2esm274712a91.31 - gsmtp","timestamp":"2024-08-14T01:39:02.941Z"}
{"email":"prabishakhadka2000@gmail.com","level":"info","message":"Password reset successfully","timestamp":"2024-08-14T01:39:41.155Z"}
{"level":"info","message":"Connected to Database","timestamp":"2024-08-14T01:40:13.224Z"}
{"level":"info","message":"Connected to Database","timestamp":"2024-08-14T01:40:17.855Z"}
{"level":"info","message":"Connected to Database","timestamp":"2024-08-14T01:40:20.769Z"}
{"level":"info","message":"Connected to Database","timestamp":"2024-08-14T01:40:30.116Z"}
{"level":"info","message":"Connected to Database","timestamp":"2024-08-14T01:40:32.604Z"}
{"level":"info","message":"Connected to Database","timestamp":"2024-08-14T01:41:03.888Z"}
{"level":"info","message":"Connected to Database","timestamp":"2024-08-14T01:41:05.341Z"}
{"level":"info","message":"Connected to Database","timestamp":"2024-08-14T01:41:14.765Z"}
{"level":"info","message":"Connected to Database","timestamp":"2024-08-14T01:41:17.015Z"}
{"level":"info","message":"Connected to Database","timestamp":"2024-08-14T01:41:29.686Z"}
{"level":"info","message":"Connected to Database","timestamp":"2024-08-14T01:41:36.478Z"}
{"level":"info","message":"Connected to Database","timestamp":"2024-08-14T01:41:42.024Z"}
{"level":"info","message":"Connected to Database","timestamp":"2024-08-14T01:41:46.150Z"}
{"level":"info","message":"Connected to Database","timestamp":"2024-08-14T01:41:50.918Z"}
{"email":"prabishakhadka2000@gmail.com","level":"info","message":"Reset password email sent","timestamp":"2024-08-14T01:42:09.785Z"}
{"level":"info","message":"Reset password email sent","response":"250 2.0.0 OK  1723599733 d2e1a72fcca58-710e58ade4fsm6348129b3a.51 - gsmtp","timestamp":"2024-08-14T01:42:13.707Z"}
{"email":"prabishakhadka2000@gmail.com","level":"info","message":"Password reset successfully","timestamp":"2024-08-14T01:42:33.647Z"}
{"level":"info","message":{"Fullname":"Prabisha Khadka","method":"POST","sessionId":"UQjl3geD7Lx8hYs2UYugIiktxh16h7Nk","text":"User logged in successfully","url":"/api/user/login","userId":"66b8dcdf16b399ef735fc4da"},"timestamp":"2024-08-14T01:43:07.888Z"}
{"level":"info","message":"Connected to Database","timestamp":"2024-08-14T01:45:04.814Z"}
{"email":"prabishakhadka2000@gmail.com","level":"info","message":"Reset password email sent","timestamp":"2024-08-14T01:45:29.755Z"}
{"level":"info","message":"Reset password email sent","response":"250 2.0.0 OK  1723599933 d2e1a72fcca58-710e5a43948sm6340548b3a.122 - gsmtp","timestamp":"2024-08-14T01:45:33.464Z"}
{"level":"info","message":"Connected to Database","timestamp":"2024-08-14T01:46:14.302Z"}
{"email":"prabishakhadka2000@gmail.com","level":"info","message":"Reset password email sent","timestamp":"2024-08-14T01:47:52.170Z"}
{"level":"info","message":"Reset password email sent","response":"250 2.0.0 OK  1723600106 d9443c01a7336-201cd1c8777sm19508925ad.268 - gsmtp","timestamp":"2024-08-14T01:48:26.230Z"}
{"email":"prabishakhadka2000@gmail.com","level":"info","message":"Password reset successfully","timestamp":"2024-08-14T01:49:39.147Z"}
{"level":"info","message":"Connected to Database","timestamp":"2024-08-14T01:55:04.243Z"}
{"error":"findUser is not defined","level":"error","message":"Error in loginUser","method":"POST","timestamp":"2024-08-14T01:55:29.931Z","url":"/api/user/login"}
{"level":"info","message":"Connected to Database","timestamp":"2024-08-14T01:55:56.401Z"}
{"level":"info","message":"Connected to Database","timestamp":"2024-08-14T01:55:58.432Z"}
{"level":"info","message":"Connected to Database","timestamp":"2024-08-14T01:56:00.450Z"}
{"level":"info","message":"Connected to Database","timestamp":"2024-08-14T01:56:23.583Z"}
{"level":"info","message":"Connected to Database","timestamp":"2024-08-14T01:56:32.182Z"}
{"level":"info","message":"Connected to Database","timestamp":"2024-08-14T01:56:42.752Z"}
{"level":"info","message":"Connected to Database","timestamp":"2024-08-14T01:56:48.314Z"}
{"level":"info","message":"Connected to Database","timestamp":"2024-08-14T01:56:50.951Z"}
{"level":"info","message":"Connected to Database","timestamp":"2024-08-14T01:56:53.566Z"}
{"level":"info","message":"Connected to Database","timestamp":"2024-08-14T01:56:57.375Z"}
{"level":"info","message":"Connected to Database","timestamp":"2024-08-14T01:57:02.982Z"}
{"level":"info","message":"Connected to Database","timestamp":"2024-08-14T01:57:06.845Z"}
{"level":"info","message":"Connected to Database","timestamp":"2024-08-14T01:57:08.806Z"}
{"level":"info","message":"Connected to Database","timestamp":"2024-08-14T01:57:12.274Z"}
{"level":"info","message":"Connected to Database","timestamp":"2024-08-14T01:57:19.247Z"}
{"level":"info","message":"Connected to Database","timestamp":"2024-08-14T01:57:20.963Z"}
{"level":"info","message":"Connected to Database","timestamp":"2024-08-14T01:57:23.638Z"}
{"level":"info","message":"Connected to Database","timestamp":"2024-08-14T01:58:30.822Z"}
{"level":"info","message":"Connected to Database","timestamp":"2024-08-14T01:58:36.019Z"}
{"level":"info","message":"Connected to Database","timestamp":"2024-08-14T01:58:40.055Z"}
{"level":"info","message":"Connected to Database","timestamp":"2024-08-14T01:58:47.982Z"}
{"level":"info","message":"Connected to Database","timestamp":"2024-08-14T01:58:51.997Z"}
{"level":"info","message":"Connected to Database","timestamp":"2024-08-14T01:59:08.605Z"}
{"level":"info","message":"Connected to Database","timestamp":"2024-08-14T01:59:37.594Z"}
{"level":"info","message":"Connected to Database","timestamp":"2024-08-14T02:00:03.068Z"}
{"level":"info","message":"Connected to Database","timestamp":"2024-08-14T02:00:06.968Z"}
{"level":"info","message":"Connected to Database","timestamp":"2024-08-14T02:00:19.395Z"}
{"level":"info","message":{"Fullname":"Prabisha Khadka","method":"POST","passwordExpired":true,"sessionId":"L3BA-ErKUNiYkMGl8FWuQ2-wsBp-Za0n","text":"User logged in successfully","url":"/api/user/login","userId":"66b8dcdf16b399ef735fc4da"},"timestamp":"2024-08-14T02:00:55.507Z"}
{"level":"info","message":{"Fullname":"Prabisha Khadka","method":"POST","passwordExpired":true,"sessionId":"j80T6SV_qtF8m5VRue1fUoGhfLeQuw9r","text":"User logged in successfully","url":"/api/user/login","userId":"66b8dcdf16b399ef735fc4da"},"timestamp":"2024-08-14T02:08:22.547Z"}
{"level":"info","message":{"Fullname":"Prabisha Khadka","method":"POST","passwordExpired":true,"sessionId":"Whopu1yZCApzqKvTtp8nMrNfOv3kW0ut","text":"User logged in successfully","url":"/api/user/login","userId":"66b8dcdf16b399ef735fc4da"},"timestamp":"2024-08-14T02:09:36.644Z"}
{"level":"info","message":{"Fullname":"Prabisha Khadka","method":"POST","passwordExpired":true,"sessionId":"CLEFNmIlxKWaRPVXw7j-pHfFePNrvNjN","text":"User logged in successfully","url":"/api/user/login","userId":"66b8dcdf16b399ef735fc4da"},"timestamp":"2024-08-14T02:11:29.461Z"}
{"level":"info","message":"Connected to Database","timestamp":"2024-08-14T02:12:14.938Z"}
{"level":"info","message":"Connected to Database","timestamp":"2024-08-14T02:12:21.232Z"}
{"level":"info","message":{"Fullname":"Prabisha Khadka","method":"POST","sessionId":"EMaVwnMaRspVkMJS0BfT5DjfaDL96IxT","text":"User logged in successfully","url":"/api/user/login","userId":"66b8dcdf16b399ef735fc4da"},"timestamp":"2024-08-14T02:12:43.511Z"}
{"level":"info","message":"Connected to Database","timestamp":"2024-08-14T02:13:33.184Z"}
{"level":"info","message":"Connected to Database","timestamp":"2024-08-14T02:13:37.292Z"}
{"level":"info","message":"Connected to Database","timestamp":"2024-08-14T02:13:44.377Z"}
{"level":"info","message":"Connected to Database","timestamp":"2024-08-14T02:13:52.992Z"}
{"level":"info","message":"Connected to Database","timestamp":"2024-08-14T02:13:57.680Z"}
{"level":"info","message":"Connected to Database","timestamp":"2024-08-14T02:14:08.418Z"}
{"level":"info","message":{"Fullname":"Prabisha Khadka","method":"POST","sessionId":"inbU1J82DW06H03HfDyA_RqP2iIwVSd_","text":"User logged in successfully","url":"/api/user/login","userId":"66b8dcdf16b399ef735fc4da"},"timestamp":"2024-08-14T02:14:37.296Z"}
{"level":"info","message":"Connected to Database","timestamp":"2024-08-14T02:14:52.575Z"}
{"level":"info","message":"Fetched all pets","timestamp":"2024-08-14T02:15:56.586Z","totalPets":0,"unvaccinatedPets":0,"vaccinatedPets":0}
{"level":"info","message":"Fetched all pets","timestamp":"2024-08-14T02:15:56.606Z","totalPets":0,"unvaccinatedPets":0,"vaccinatedPets":0}
{"level":"info","message":"Fetched all pets","timestamp":"2024-08-14T02:17:12.646Z","totalPets":0,"unvaccinatedPets":0,"vaccinatedPets":0}
{"level":"info","message":"Fetched all pets","timestamp":"2024-08-14T02:17:12.656Z","totalPets":0,"unvaccinatedPets":0,"vaccinatedPets":0}
{"level":"info","message":"Fetched all pets","timestamp":"2024-08-14T02:21:40.582Z","totalPets":0,"unvaccinatedPets":0,"vaccinatedPets":0}
{"level":"info","message":"Fetched all pets","timestamp":"2024-08-14T02:21:40.590Z","totalPets":0,"unvaccinatedPets":0,"vaccinatedPets":0}
{"level":"info","message":"Connected to Database","timestamp":"2024-08-14T02:50:23.866Z"}
{"level":"info","message":"Connected to Database","timestamp":"2024-08-14T03:12:59.429Z"}
{"level":"info","message":"Email sent successfully","response":"250 2.0.0 OK  1723606202 d9443c01a7336-201cd14ab01sm20460715ad.82 - gsmtp","subject":"Adoption Hub","timestamp":"2024-08-14T03:30:02.026Z","to":"prabishakhadka2000@gmail.com"}
{"level":"info","message":"Create User request received","requestBody":{"confirmPassword":"@Khad1234","email":"prabishakhadka2000@gmail.com","fullName":"Prabisha Khadka","password":"@Khad1234"},"timestamp":"2024-08-14T03:30:58.039Z"}
{"level":"info","message":"User created successfully","timestamp":"2024-08-14T03:30:58.239Z","userId":"66bc24f221d30d9dff91d727"}
{"level":"info","message":"Connected to Database","timestamp":"2024-08-14T03:33:56.094Z"}
{"level":"info","message":"Connected to Database","timestamp":"2024-08-14T03:34:11.252Z"}
{"level":"info","message":"Connected to Database","timestamp":"2024-08-14T03:34:18.194Z"}
